<?xml version="1.0" encoding="UTF-8"?>
<testsuite xmlns:xsi="http://www.w3.org/2001/XMLSchema-instance" xsi:noNamespaceSchemaLocation="https://maven.apache.org/surefire/maven-surefire-plugin/xsd/surefire-test-report-3.0.xsd" version="3.0" name="learningcucumber.RunCucumberTest" time="0.404" tests="11" errors="0" skipped="0" failures="0">
  <properties>
[...]
</properties>
  <testcase name="Example #1.1" classname="Examples" time="0.113">
    <system-out><![CDATA[
Scenario Outline: Age is valid          &amp#27;[90m# learningcucumber/Age_Check.feature:11&amp#27;[0m
  &amp#27;[32mGiven &amp#27;[0m&amp#27;[32mAge is &amp#27;[0m&amp#27;[32m&amp#27;[1m"18"&amp#27;[0m                     &amp#27;[90m# learningcucumber.StepDefinitions.age_is(java.lang.String)&amp#27;[0m
  &amp#27;[32mWhen &amp#27;[0m&amp#27;[32mI ask whether is positive number&amp#27;[0m &amp#27;[90m# learningcucumber.StepDefinitions.is_positive_num()&amp#27;[0m
  &amp#27;[32mThen &amp#27;[0m&amp#27;[32mit should answer &amp#27;[0m&amp#27;[32m&amp#27;[1m"True"&amp#27;[0m          &amp#27;[90m# learningcucumber.StepDefinitions.it_should_answer(java.lang.String)&amp#27;[0m
]]></system-out>
  </testcase>
  <testcase name="Example #1.1" classname="Examples" time="0.009">
    <system-out><![CDATA[
Scenario Outline: name is valid    &amp#27;[90m# learningcucumber/Name_Check.feature:11&amp#27;[0m
  &amp#27;[32mGiven &amp#27;[0m&amp#27;[32mname is &amp#27;[0m&amp#27;[32m&amp#27;[1m"Algo"&amp#27;[0m             &amp#27;[90m# learningcucumber.StepDefinitions.name_is(java.lang.String)&amp#27;[0m
  &amp#27;[32mWhen &amp#27;[0m&amp#27;[32mI ask whether name is valid&amp#27;[0m &amp#27;[90m# learningcucumber.StepDefinitions.is_valid()&amp#27;[0m
  &amp#27;[32mThen &amp#27;[0m&amp#27;[32mit should reply &amp#27;[0m&amp#27;[32m&amp#27;[1m"True"&amp#27;[0m      &amp#27;[90m# learningcucumber.StepDefinitions.it_should_reply(java.lang.String)&amp#27;[0m
]]></system-out>
  </testcase>
  <testcase name="Example #1.2" classname="Examples" time="0.008">
    <system-out><![CDATA[
Scenario Outline: Age is valid          &amp#27;[90m# learningcucumber/Age_Check.feature:12&amp#27;[0m
  &amp#27;[32mGiven &amp#27;[0m&amp#27;[32mAge is &amp#27;[0m&amp#27;[32m&amp#27;[1m"5"&amp#27;[0m                      &amp#27;[90m# learningcucumber.StepDefinitions.age_is(java.lang.String)&amp#27;[0m
  &amp#27;[32mWhen &amp#27;[0m&amp#27;[32mI ask whether is positive number&amp#27;[0m &amp#27;[90m# learningcucumber.StepDefinitions.is_positive_num()&amp#27;[0m
  &amp#27;[32mThen &amp#27;[0m&amp#27;[32mit should answer &amp#27;[0m&amp#27;[32m&amp#27;[1m"True"&amp#27;[0m          &amp#27;[90m# learningcucumber.StepDefinitions.it_should_answer(java.lang.String)&amp#27;[0m
]]></system-out>
  </testcase>
  <testcase name="Example #1.2" classname="Examples" time="0.008">
    <system-out><![CDATA[
Scenario Outline: name is valid    &amp#27;[90m# learningcucumber/Name_Check.feature:12&amp#27;[0m
  &amp#27;[32mGiven &amp#27;[0m&amp#27;[32mname is &amp#27;[0m&amp#27;[32m&amp#27;[1m"Sunday"&amp#27;[0m           &amp#27;[90m# learningcucumber.StepDefinitions.name_is(java.lang.String)&amp#27;[0m
  &amp#27;[32mWhen &amp#27;[0m&amp#27;[32mI ask whether name is valid&amp#27;[0m &amp#27;[90m# learningcucumber.StepDefinitions.is_valid()&amp#27;[0m
  &amp#27;[32mThen &amp#27;[0m&amp#27;[32mit should reply &amp#27;[0m&amp#27;[32m&amp#27;[1m"True"&amp#27;[0m      &amp#27;[90m# learningcucumber.StepDefinitions.it_should_reply(java.lang.String)&amp#27;[0m
]]></system-out>
  </testcase>
  <testcase name="Example #1.3" classname="Examples" time="0.01">
    <system-out><![CDATA[
Scenario Outline: Age is valid          &amp#27;[90m# learningcucumber/Age_Check.feature:13&amp#27;[0m
  &amp#27;[32mGiven &amp#27;[0m&amp#27;[32mAge is &amp#27;[0m&amp#27;[32m&amp#27;[1m""&amp#27;[0m                       &amp#27;[90m# learningcucumber.StepDefinitions.age_is(java.lang.String)&amp#27;[0m
  &amp#27;[32mWhen &amp#27;[0m&amp#27;[32mI ask whether is positive number&amp#27;[0m &amp#27;[90m# learningcucumber.StepDefinitions.is_positive_num()&amp#27;[0m
  &amp#27;[32mThen &amp#27;[0m&amp#27;[32mit should answer &amp#27;[0m&amp#27;[32m&amp#27;[1m"False"&amp#27;[0m         &amp#27;[90m# learningcucumber.StepDefinitions.it_should_answer(java.lang.String)&amp#27;[0m
]]></system-out>
  </testcase>
  <testcase name="Example #1.3" classname="Examples" time="0.009">
    <system-out><![CDATA[
Scenario Outline: name is valid    &amp#27;[90m# learningcucumber/Name_Check.feature:13&amp#27;[0m
  &amp#27;[32mGiven &amp#27;[0m&amp#27;[32mname is &amp#27;[0m&amp#27;[32m&amp#27;[1m""&amp#27;[0m                 &amp#27;[90m# learningcucumber.StepDefinitions.name_is(java.lang.String)&amp#27;[0m
  &amp#27;[32mWhen &amp#27;[0m&amp#27;[32mI ask whether name is valid&amp#27;[0m &amp#27;[90m# learningcucumber.StepDefinitions.is_valid()&amp#27;[0m
  &amp#27;[32mThen &amp#27;[0m&amp#27;[32mit should reply &amp#27;[0m&amp#27;[32m&amp#27;[1m"False"&amp#27;[0m     &amp#27;[90m# learningcucumber.StepDefinitions.it_should_reply(java.lang.String)&amp#27;[0m
]]></system-out>
  </testcase>
  <testcase name="Example #1.4" classname="Examples" time="0.008">
    <system-out><![CDATA[
Scenario Outline: Age is valid          &amp#27;[90m# learningcucumber/Age_Check.feature:14&amp#27;[0m
  &amp#27;[32mGiven &amp#27;[0m&amp#27;[32mAge is &amp#27;[0m&amp#27;[32m&amp#27;[1m"1000"&amp#27;[0m                   &amp#27;[90m# learningcucumber.StepDefinitions.age_is(java.lang.String)&amp#27;[0m
  &amp#27;[32mWhen &amp#27;[0m&amp#27;[32mI ask whether is positive number&amp#27;[0m &amp#27;[90m# learningcucumber.StepDefinitions.is_positive_num()&amp#27;[0m
  &amp#27;[32mThen &amp#27;[0m&amp#27;[32mit should answer &amp#27;[0m&amp#27;[32m&amp#27;[1m"True"&amp#27;[0m          &amp#27;[90m# learningcucumber.StepDefinitions.it_should_answer(java.lang.String)&amp#27;[0m
]]></system-out>
  </testcase>
  <testcase name="Example #1.5" classname="Examples" time="0.009">
    <system-out><![CDATA[
Scenario Outline: Age is valid          &amp#27;[90m# learningcucumber/Age_Check.feature:15&amp#27;[0m
  &amp#27;[32mGiven &amp#27;[0m&amp#27;[32mAge is &amp#27;[0m&amp#27;[32m&amp#27;[1m"0"&amp#27;[0m                      &amp#27;[90m# learningcucumber.StepDefinitions.age_is(java.lang.String)&amp#27;[0m
  &amp#27;[32mWhen &amp#27;[0m&amp#27;[32mI ask whether is positive number&amp#27;[0m &amp#27;[90m# learningcucumber.StepDefinitions.is_positive_num()&amp#27;[0m
  &amp#27;[32mThen &amp#27;[0m&amp#27;[32mit should answer &amp#27;[0m&amp#27;[32m&amp#27;[1m"True"&amp#27;[0m          &amp#27;[90m# learningcucumber.StepDefinitions.it_should_answer(java.lang.String)&amp#27;[0m
]]></system-out>
  </testcase>
  <testcase name="Example #1.6" classname="Examples" time="0.01">
    <system-out><![CDATA[
Scenario Outline: Age is valid          &amp#27;[90m# learningcucumber/Age_Check.feature:16&amp#27;[0m
  &amp#27;[32mGiven &amp#27;[0m&amp#27;[32mAge is &amp#27;[0m&amp#27;[32m&amp#27;[1m"algo"&amp#27;[0m                   &amp#27;[90m# learningcucumber.StepDefinitions.age_is(java.lang.String)&amp#27;[0m
  &amp#27;[32mWhen &amp#27;[0m&amp#27;[32mI ask whether is positive number&amp#27;[0m &amp#27;[90m# learningcucumber.StepDefinitions.is_positive_num()&amp#27;[0m
  &amp#27;[32mThen &amp#27;[0m&amp#27;[32mit should answer &amp#27;[0m&amp#27;[32m&amp#27;[1m"False"&amp#27;[0m         &amp#27;[90m# learningcucumber.StepDefinitions.it_should_answer(java.lang.String)&amp#27;[0m
]]></system-out>
  </testcase>
  <testcase name="Example #1.7" classname="Examples" time="0.008">
    <system-out><![CDATA[
Scenario Outline: Age is valid          &amp#27;[90m# learningcucumber/Age_Check.feature:17&amp#27;[0m
  &amp#27;[32mGiven &amp#27;[0m&amp#27;[32mAge is &amp#27;[0m&amp#27;[32m&amp#27;[1m"-1"&amp#27;[0m                     &amp#27;[90m# learningcucumber.StepDefinitions.age_is(java.lang.String)&amp#27;[0m
  &amp#27;[32mWhen &amp#27;[0m&amp#27;[32mI ask whether is positive number&amp#27;[0m &amp#27;[90m# learningcucumber.StepDefinitions.is_positive_num()&amp#27;[0m
  &amp#27;[32mThen &amp#27;[0m&amp#27;[32mit should answer &amp#27;[0m&amp#27;[32m&amp#27;[1m"False"&amp#27;[0m         &amp#27;[90m# learningcucumber.StepDefinitions.it_should_answer(java.lang.String)&amp#27;[0m
]]></system-out>
  </testcase>
  <testcase name="The example" classname="An example" time="0.007">
    <system-out><![CDATA[
Scenario: The example                       &amp#27;[90m# learningcucumber/example.feature:3&amp#27;[0m
  &amp#27;[32mGiven &amp#27;[0m&amp#27;[32man example scenario&amp#27;[0m                 &amp#27;[90m# learningcucumber.StepDefinitions.anExampleScenario()&amp#27;[0m
  &amp#27;[32mWhen &amp#27;[0m&amp#27;[32mall step definitions are implemented&amp#27;[0m &amp#27;[90m# learningcucumber.StepDefinitions.allStepDefinitionsAreImplemented()&amp#27;[0m
  &amp#27;[32mThen &amp#27;[0m&amp#27;[32mthe scenario passes&amp#27;[0m                  &amp#27;[90m# learningcucumber.StepDefinitions.theScenarioPasses()&amp#27;[0m
]]></system-out>
  </testcase>
</testsuite>